#! /usr/bin/vvp
:ivl_version "12.0 (stable)";
:ivl_delay_selection "TYPICAL";
:vpi_time_precision - 12;
:vpi_module "/usr/lib/x86_64-linux-gnu/ivl/system.vpi";
:vpi_module "/usr/lib/x86_64-linux-gnu/ivl/vhdl_sys.vpi";
:vpi_module "/usr/lib/x86_64-linux-gnu/ivl/vhdl_textio.vpi";
:vpi_module "/usr/lib/x86_64-linux-gnu/ivl/v2005_math.vpi";
:vpi_module "/usr/lib/x86_64-linux-gnu/ivl/va_math.vpi";
S_0x57c09c276e60 .scope module, "BCD_tb" "BCD_tb" 2 4;
 .timescale -9 -12;
v0x57c09c289180_0 .net "BCD_tb", 3 0, v0x57c09c23c6c0_0;  1 drivers
v0x57c09c289270_0 .var "clk_tb", 0 0;
v0x57c09c289340_0 .var "num_tb", 4 0;
S_0x57c09c276ff0 .scope begin, "TEST_CASE" "TEST_CASE" 2 27, 2 27 0, S_0x57c09c276e60;
 .timescale -9 -12;
S_0x57c09c23c490 .scope module, "uut" "BCD" 2 11, 3 1 0, S_0x57c09c276e60;
 .timescale -9 -12;
    .port_info 0 /INPUT 1 "clk";
    .port_info 1 /INPUT 5 "num";
    .port_info 2 /OUTPUT 4 "BCD";
v0x57c09c23c6c0_0 .var "BCD", 3 0;
v0x57c09c288ec0_0 .var "algo", 0 0;
v0x57c09c288f80_0 .net "clk", 0 0, v0x57c09c289270_0;  1 drivers
v0x57c09c289020_0 .net "num", 4 0, v0x57c09c289340_0;  1 drivers
E_0x57c09c2755e0 .event posedge, v0x57c09c288f80_0;
    .scope S_0x57c09c23c490;
T_0 ;
    %pushi/vec4 0, 0, 1;
    %store/vec4 v0x57c09c288ec0_0, 0, 1;
    %end;
    .thread T_0;
    .scope S_0x57c09c23c490;
T_1 ;
    %wait E_0x57c09c2755e0;
    %load/vec4 v0x57c09c288ec0_0;
    %dup/vec4;
    %pushi/vec4 0, 0, 1;
    %cmp/u;
    %jmp/1 T_1.0, 6;
    %dup/vec4;
    %pushi/vec4 1, 0, 1;
    %cmp/u;
    %jmp/1 T_1.1, 6;
    %jmp T_1.2;
T_1.0 ;
    %load/vec4 v0x57c09c289020_0;
    %pad/u 32;
    %pushi/vec4 10, 0, 32;
    %mod;
    %pad/u 4;
    %assign/vec4 v0x57c09c23c6c0_0, 0;
    %pushi/vec4 1, 0, 1;
    %assign/vec4 v0x57c09c288ec0_0, 0;
    %jmp T_1.2;
T_1.1 ;
    %load/vec4 v0x57c09c289020_0;
    %pad/u 32;
    %load/vec4 v0x57c09c289020_0;
    %pad/u 32;
    %pushi/vec4 10, 0, 32;
    %mod;
    %sub;
    %pushi/vec4 10, 0, 32;
    %div;
    %pad/u 4;
    %assign/vec4 v0x57c09c23c6c0_0, 0;
    %pushi/vec4 0, 0, 1;
    %assign/vec4 v0x57c09c288ec0_0, 0;
    %jmp T_1.2;
T_1.2 ;
    %pop/vec4 1;
    %jmp T_1;
    .thread T_1;
    .scope S_0x57c09c276e60;
T_2 ;
    %delay 5000, 0;
    %load/vec4 v0x57c09c289270_0;
    %inv;
    %store/vec4 v0x57c09c289270_0, 0, 1;
    %jmp T_2;
    .thread T_2;
    .scope S_0x57c09c276e60;
T_3 ;
    %pushi/vec4 0, 0, 1;
    %store/vec4 v0x57c09c289270_0, 0, 1;
    %pushi/vec4 15, 0, 5;
    %store/vec4 v0x57c09c289340_0, 0, 5;
    %end;
    .thread T_3;
    .scope S_0x57c09c276e60;
T_4 ;
    %fork t_1, S_0x57c09c276ff0;
    %jmp t_0;
    .scope S_0x57c09c276ff0;
t_1 ;
    %vpi_call 2 28 "$dumpfile", "BCD_tb.vcd" {0 0 0};
    %vpi_call 2 29 "$dumpvars", 32'sb11111111111111111111111111111111, S_0x57c09c23c490 {0 0 0};
    %delay 50000, 0;
    %vpi_call 2 30 "$finish" {0 0 0};
    %end;
    .scope S_0x57c09c276e60;
t_0 %join;
    %end;
    .thread T_4;
# The file index is used to find the file name in the following table.
:file_names 4;
    "N/A";
    "<interactive>";
    "src/BCD_tb.v";
    "./src/BCD.v";
