#! /usr/bin/env bash
exec /home/jose/miniconda3/envs/digital/bin/vvp -f "$0" "$@" <<'# EOF'
:ivl_version "13.0 (devel)" "(0_8-6859-gf50cc35d2-dirty)";
:ivl_delay_selection "TYPICAL";
:vpi_time_precision - 12;
:vpi_module "/home/jose/miniconda3/envs/digital/lib/ivl/system.vpi";
:vpi_module "/home/jose/miniconda3/envs/digital/lib/ivl/vhdl_sys.vpi";
:vpi_module "/home/jose/miniconda3/envs/digital/lib/ivl/vhdl_textio.vpi";
:vpi_module "/home/jose/miniconda3/envs/digital/lib/ivl/v2005_math.vpi";
:vpi_module "/home/jose/miniconda3/envs/digital/lib/ivl/va_math.vpi";
S_0x38e6ee40 .scope module, "Lab3_tb" "Lab3_tb" 2 5;
 .timescale -9 -12;
v0x38eaec40_0 .var "A_tb", 7 0;
v0x38eaed20_0 .var "B_tb", 7 0;
v0x38eaede0_0 .net "SSeg_tb", 6 0, v0x38eaced0_0;  1 drivers
v0x38eaee80_0 .var "Sel_tb", 0 0;
v0x38eaef20_0 .net "an_tb", 3 0, v0x38ead2e0_0;  1 drivers
v0x38eaf010_0 .var "clk_tb", 0 0;
S_0x38e783d0 .scope module, "uut" "Lab3" 2 16, 3 3 0, S_0x38e6ee40;
 .timescale -9 -12;
    .port_info 0 /INPUT 1 "clk";
    .port_info 1 /INPUT 8 "A";
    .port_info 2 /INPUT 8 "B";
    .port_info 3 /INPUT 1 "Sel";
    .port_info 4 /OUTPUT 7 "SSeg";
    .port_info 5 /OUTPUT 4 "an";
L_0x38eaf0b0 .functor BUFZ 1, v0x38eaee80_0, C4<0>, C4<0>, C4<0>;
v0x38eae350_0 .net "A", 7 0, v0x38eaec40_0;  1 drivers
v0x38eae480_0 .net "B", 7 0, v0x38eaed20_0;  1 drivers
v0x38eae590_0 .net "SSeg", 6 0, v0x38eaced0_0;  alias, 1 drivers
v0x38eae680_0 .net "Sel", 0 0, v0x38eaee80_0;  1 drivers
v0x38eae740_0 .net "Sel_real", 0 0, L_0x38eaf0b0;  1 drivers
v0x38eae880_0 .net "an", 3 0, v0x38ead2e0_0;  alias, 1 drivers
v0x38eae990_0 .net "clk", 0 0, v0x38eaf010_0;  1 drivers
v0x38eaea80_0 .net "resultado", 8 0, v0x38eab4c0_0;  1 drivers
S_0x38e78630 .scope module, "alu" "Sumador9b" 3 14, 4 2 0, S_0x38e783d0;
 .timescale -9 -12;
    .port_info 0 /INPUT 8 "A";
    .port_info 1 /INPUT 8 "B";
    .port_info 2 /INPUT 1 "Sel";
    .port_info 3 /OUTPUT 9 "resultado";
v0x38eab670_0 .net "A", 7 0, v0x38eaec40_0;  alias, 1 drivers
v0x38eab750_0 .net "B", 7 0, v0x38eaed20_0;  alias, 1 drivers
v0x38eab7f0_0 .net "Sel", 0 0, L_0x38eaf0b0;  alias, 1 drivers
v0x38eab890_0 .net "resultado", 8 0, v0x38eab4c0_0;  alias, 1 drivers
S_0x38e7b830 .scope module, "alu" "sumres8b" 4 8, 5 1 0, S_0x38e78630;
 .timescale -9 -12;
    .port_info 0 /INPUT 8 "A";
    .port_info 1 /INPUT 8 "B";
    .port_info 2 /INPUT 1 "Sel";
    .port_info 3 /OUTPUT 9 "resultado";
v0x38e75300_0 .net "A", 7 0, v0x38eaec40_0;  alias, 1 drivers
v0x38eab260_0 .net "B", 7 0, v0x38eaed20_0;  alias, 1 drivers
v0x38eab340_0 .net "Sel", 0 0, L_0x38eaf0b0;  alias, 1 drivers
v0x38eab3e0_0 .net "resultado", 8 0, v0x38eab4c0_0;  alias, 1 drivers
v0x38eab4c0_0 .var "tmp", 8 0;
E_0x38e71000 .event anyedge, v0x38eab340_0, v0x38e75300_0, v0x38eab260_0;
S_0x38eab980 .scope module, "visor" "Display" 3 21, 6 5 0, S_0x38e783d0;
 .timescale -9 -12;
    .port_info 0 /INPUT 1 "clk";
    .port_info 1 /INPUT 9 "resultado";
    .port_info 2 /OUTPUT 7 "SSeg";
    .port_info 3 /OUTPUT 4 "an";
L_0x38eaf370 .functor NOT 9, v0x38eab4c0_0, C4<000000000>, C4<000000000>, C4<000000000>;
v0x38ead600_0 .net "BCD0", 3 0, v0x38eabf40_0;  1 drivers
v0x38ead6f0_0 .net "BCD1", 3 0, v0x38eac040_0;  1 drivers
v0x38ead7c0_0 .net "BCD2", 3 0, v0x38eac120_0;  1 drivers
v0x38ead8c0_0 .net "SSeg", 6 0, v0x38eaced0_0;  alias, 1 drivers
v0x38ead990_0 .net *"_ivl_2", 8 0, L_0x38eaf370;  1 drivers
L_0x7c410fe39018 .functor BUFT 1, C4<000000001>, C4<0>, C4<0>, C4<0>;
v0x38eada80_0 .net/2u *"_ivl_4", 8 0, L_0x7c410fe39018;  1 drivers
v0x38eadb60_0 .net *"_ivl_6", 8 0, L_0x38ebf430;  1 drivers
v0x38eadc40_0 .net "an", 3 0, v0x38ead2e0_0;  alias, 1 drivers
v0x38eadd00_0 .var "bcd", 3 0;
v0x38eade60_0 .net "clk", 0 0, v0x38eaf010_0;  alias, 1 drivers
v0x38eadf30_0 .net "clk_div", 0 0, v0x38eac930_0;  1 drivers
v0x38eadfd0_0 .net "mag", 8 0, L_0x38ebf590;  1 drivers
v0x38eae070_0 .net "resultado", 8 0, v0x38eab4c0_0;  alias, 1 drivers
v0x38eae160_0 .net "sel_disp", 1 0, v0x38ead4d0_0;  1 drivers
v0x38eae200_0 .net "signo", 0 0, L_0x38eaf2d0;  1 drivers
E_0x38e5b180/0 .event anyedge, v0x38ead4d0_0, v0x38eabf40_0, v0x38eac040_0, v0x38eac120_0;
E_0x38e5b180/1 .event anyedge, v0x38eae200_0;
E_0x38e5b180 .event/or E_0x38e5b180/0, E_0x38e5b180/1;
L_0x38eaf2d0 .part v0x38eab4c0_0, 8, 1;
L_0x38ebf430 .arith/sum 9, L_0x38eaf370, L_0x7c410fe39018;
L_0x38ebf590 .functor MUXZ 9, v0x38eab4c0_0, L_0x38ebf430, L_0x38eaf2d0, C4<>;
S_0x38eabc40 .scope module, "conversor" "BCD" 6 18, 7 1 0, S_0x38eab980;
 .timescale -9 -12;
    .port_info 0 /INPUT 9 "bin";
    .port_info 1 /OUTPUT 4 "BCD2";
    .port_info 2 /OUTPUT 4 "BCD1";
    .port_info 3 /OUTPUT 4 "BCD0";
v0x38eabf40_0 .var "BCD0", 3 0;
v0x38eac040_0 .var "BCD1", 3 0;
v0x38eac120_0 .var "BCD2", 3 0;
v0x38eac210_0 .net "bin", 8 0, L_0x38ebf590;  alias, 1 drivers
v0x38eac2f0_0 .var/i "i", 31 0;
v0x38eac420_0 .var "shift_reg", 19 0;
E_0x38e6c810 .event anyedge, v0x38eac210_0, v0x38eac420_0;
S_0x38eac580 .scope module, "div_clk" "DivFrec" 6 26, 8 1 0, S_0x38eab980;
 .timescale -9 -12;
    .port_info 0 /INPUT 1 "clk";
    .port_info 1 /OUTPUT 1 "clk_out";
v0x38eac850_0 .net "clk", 0 0, v0x38eaf010_0;  alias, 1 drivers
v0x38eac930_0 .var "clk_out", 0 0;
v0x38eac9f0_0 .var "count", 19 0;
E_0x38eac7d0 .event posedge, v0x38eac850_0;
S_0x38eacb10 .scope module, "seg" "BCDtoSSeg" 6 47, 9 1 0, S_0x38eab980;
 .timescale -9 -12;
    .port_info 0 /INPUT 4 "BCD";
    .port_info 1 /OUTPUT 7 "SSeg";
v0x38eacdd0_0 .net "BCD", 3 0, v0x38eadd00_0;  1 drivers
v0x38eaced0_0 .var "SSeg", 6 0;
E_0x38eacd70 .event anyedge, v0x38eacdd0_0;
S_0x38ead010 .scope module, "seleccion" "SelAn" 6 31, 10 1 0, S_0x38eab980;
 .timescale -9 -12;
    .port_info 0 /INPUT 1 "clk";
    .port_info 1 /OUTPUT 2 "sel";
    .port_info 2 /OUTPUT 4 "an";
v0x38ead2e0_0 .var "an", 3 0;
v0x38ead3e0_0 .net "clk", 0 0, v0x38eac930_0;  alias, 1 drivers
v0x38ead4d0_0 .var "sel", 1 0;
E_0x38ead260 .event posedge, v0x38eac930_0;
    .scope S_0x38e7b830;
T_0 ;
    %wait E_0x38e71000;
    %load/vec4 v0x38eab340_0;
    %flag_set/vec4 8;
    %jmp/0xz  T_0.0, 8;
    %pushi/vec4 0, 0, 1;
    %load/vec4 v0x38e75300_0;
    %concat/vec4; draw_concat_vec4
    %pushi/vec4 0, 0, 1;
    %load/vec4 v0x38eab260_0;
    %concat/vec4; draw_concat_vec4
    %sub;
    %store/vec4 v0x38eab4c0_0, 0, 9;
    %jmp T_0.1;
T_0.0 ;
    %pushi/vec4 0, 0, 1;
    %load/vec4 v0x38e75300_0;
    %concat/vec4; draw_concat_vec4
    %pushi/vec4 0, 0, 1;
    %load/vec4 v0x38eab260_0;
    %concat/vec4; draw_concat_vec4
    %add;
    %store/vec4 v0x38eab4c0_0, 0, 9;
T_0.1 ;
    %jmp T_0;
    .thread T_0, $push;
    .scope S_0x38eabc40;
T_1 ;
    %wait E_0x38e6c810;
    %pushi/vec4 0, 0, 20;
    %store/vec4 v0x38eac420_0, 0, 20;
    %load/vec4 v0x38eac210_0;
    %ix/load 4, 0, 0;
    %flag_set/imm 4, 0;
    %store/vec4 v0x38eac420_0, 4, 9;
    %pushi/vec4 0, 0, 32;
    %store/vec4 v0x38eac2f0_0, 0, 32;
T_1.0 ; Top of for-loop 
    %load/vec4 v0x38eac2f0_0;
    %cmpi/s 9, 0, 32;
    %jmp/0xz T_1.1, 5;
    %load/vec4 v0x38eac420_0;
    %parti/s 4, 8, 5;
    %pad/u 32;
    %cmpi/u 5, 0, 32;
    %flag_inv 5; GE is !LT
    %jmp/0xz  T_1.3, 5;
    %load/vec4 v0x38eac420_0;
    %parti/s 4, 8, 5;
    %addi 3, 0, 4;
    %ix/load 4, 8, 0;
    %flag_set/imm 4, 0;
    %store/vec4 v0x38eac420_0, 4, 4;
T_1.3 ;
    %load/vec4 v0x38eac420_0;
    %parti/s 4, 12, 5;
    %pad/u 32;
    %cmpi/u 5, 0, 32;
    %flag_inv 5; GE is !LT
    %jmp/0xz  T_1.5, 5;
    %load/vec4 v0x38eac420_0;
    %parti/s 4, 12, 5;
    %addi 3, 0, 4;
    %ix/load 4, 12, 0;
    %flag_set/imm 4, 0;
    %store/vec4 v0x38eac420_0, 4, 4;
T_1.5 ;
    %load/vec4 v0x38eac420_0;
    %parti/s 4, 16, 6;
    %pad/u 32;
    %cmpi/u 5, 0, 32;
    %flag_inv 5; GE is !LT
    %jmp/0xz  T_1.7, 5;
    %load/vec4 v0x38eac420_0;
    %parti/s 4, 16, 6;
    %addi 3, 0, 4;
    %ix/load 4, 16, 0;
    %flag_set/imm 4, 0;
    %store/vec4 v0x38eac420_0, 4, 4;
T_1.7 ;
    %load/vec4 v0x38eac420_0;
    %ix/load 4, 1, 0;
    %flag_set/imm 4, 0;
    %shiftl 4;
    %store/vec4 v0x38eac420_0, 0, 20;
T_1.2 ; for-loop step statement
    %load/vec4 v0x38eac2f0_0;
    %addi 1, 0, 32;
    %store/vec4 v0x38eac2f0_0, 0, 32;
    %jmp T_1.0;
T_1.1 ; for-loop exit label
    %load/vec4 v0x38eac420_0;
    %parti/s 4, 8, 5;
    %store/vec4 v0x38eabf40_0, 0, 4;
    %load/vec4 v0x38eac420_0;
    %parti/s 4, 12, 5;
    %store/vec4 v0x38eac040_0, 0, 4;
    %load/vec4 v0x38eac420_0;
    %parti/s 4, 16, 6;
    %store/vec4 v0x38eac120_0, 0, 4;
    %jmp T_1;
    .thread T_1, $push;
    .scope S_0x38eac580;
T_2 ;
    %pushi/vec4 0, 0, 20;
    %store/vec4 v0x38eac9f0_0, 0, 20;
    %end;
    .thread T_2;
    .scope S_0x38eac580;
T_3 ;
    %wait E_0x38eac7d0;
    %load/vec4 v0x38eac9f0_0;
    %addi 1, 0, 20;
    %assign/vec4 v0x38eac9f0_0, 0;
    %load/vec4 v0x38eac9f0_0;
    %parti/s 1, 16, 6;
    %assign/vec4 v0x38eac930_0, 0;
    %jmp T_3;
    .thread T_3;
    .scope S_0x38ead010;
T_4 ;
    %wait E_0x38ead260;
    %load/vec4 v0x38ead4d0_0;
    %addi 1, 0, 2;
    %assign/vec4 v0x38ead4d0_0, 0;
    %load/vec4 v0x38ead4d0_0;
    %dup/vec4;
    %pushi/vec4 0, 0, 2;
    %cmp/u;
    %jmp/1 T_4.0, 6;
    %dup/vec4;
    %pushi/vec4 1, 0, 2;
    %cmp/u;
    %jmp/1 T_4.1, 6;
    %dup/vec4;
    %pushi/vec4 2, 0, 2;
    %cmp/u;
    %jmp/1 T_4.2, 6;
    %dup/vec4;
    %pushi/vec4 3, 0, 2;
    %cmp/u;
    %jmp/1 T_4.3, 6;
    %jmp T_4.4;
T_4.0 ;
    %pushi/vec4 14, 0, 4;
    %assign/vec4 v0x38ead2e0_0, 0;
    %jmp T_4.4;
T_4.1 ;
    %pushi/vec4 13, 0, 4;
    %assign/vec4 v0x38ead2e0_0, 0;
    %jmp T_4.4;
T_4.2 ;
    %pushi/vec4 11, 0, 4;
    %assign/vec4 v0x38ead2e0_0, 0;
    %jmp T_4.4;
T_4.3 ;
    %pushi/vec4 7, 0, 4;
    %assign/vec4 v0x38ead2e0_0, 0;
    %jmp T_4.4;
T_4.4 ;
    %pop/vec4 1;
    %jmp T_4;
    .thread T_4;
    .scope S_0x38eacb10;
T_5 ;
    %wait E_0x38eacd70;
    %load/vec4 v0x38eacdd0_0;
    %dup/vec4;
    %pushi/vec4 0, 0, 4;
    %cmp/u;
    %jmp/1 T_5.0, 6;
    %dup/vec4;
    %pushi/vec4 1, 0, 4;
    %cmp/u;
    %jmp/1 T_5.1, 6;
    %dup/vec4;
    %pushi/vec4 2, 0, 4;
    %cmp/u;
    %jmp/1 T_5.2, 6;
    %dup/vec4;
    %pushi/vec4 3, 0, 4;
    %cmp/u;
    %jmp/1 T_5.3, 6;
    %dup/vec4;
    %pushi/vec4 4, 0, 4;
    %cmp/u;
    %jmp/1 T_5.4, 6;
    %dup/vec4;
    %pushi/vec4 5, 0, 4;
    %cmp/u;
    %jmp/1 T_5.5, 6;
    %dup/vec4;
    %pushi/vec4 6, 0, 4;
    %cmp/u;
    %jmp/1 T_5.6, 6;
    %dup/vec4;
    %pushi/vec4 7, 0, 4;
    %cmp/u;
    %jmp/1 T_5.7, 6;
    %dup/vec4;
    %pushi/vec4 8, 0, 4;
    %cmp/u;
    %jmp/1 T_5.8, 6;
    %dup/vec4;
    %pushi/vec4 9, 0, 4;
    %cmp/u;
    %jmp/1 T_5.9, 6;
    %dup/vec4;
    %pushi/vec4 10, 0, 4;
    %cmp/u;
    %jmp/1 T_5.10, 6;
    %dup/vec4;
    %pushi/vec4 11, 0, 4;
    %cmp/u;
    %jmp/1 T_5.11, 6;
    %pushi/vec4 127, 0, 7;
    %store/vec4 v0x38eaced0_0, 0, 7;
    %jmp T_5.13;
T_5.0 ;
    %pushi/vec4 1, 0, 7;
    %store/vec4 v0x38eaced0_0, 0, 7;
    %jmp T_5.13;
T_5.1 ;
    %pushi/vec4 79, 0, 7;
    %store/vec4 v0x38eaced0_0, 0, 7;
    %jmp T_5.13;
T_5.2 ;
    %pushi/vec4 18, 0, 7;
    %store/vec4 v0x38eaced0_0, 0, 7;
    %jmp T_5.13;
T_5.3 ;
    %pushi/vec4 6, 0, 7;
    %store/vec4 v0x38eaced0_0, 0, 7;
    %jmp T_5.13;
T_5.4 ;
    %pushi/vec4 76, 0, 7;
    %store/vec4 v0x38eaced0_0, 0, 7;
    %jmp T_5.13;
T_5.5 ;
    %pushi/vec4 36, 0, 7;
    %store/vec4 v0x38eaced0_0, 0, 7;
    %jmp T_5.13;
T_5.6 ;
    %pushi/vec4 32, 0, 7;
    %store/vec4 v0x38eaced0_0, 0, 7;
    %jmp T_5.13;
T_5.7 ;
    %pushi/vec4 15, 0, 7;
    %store/vec4 v0x38eaced0_0, 0, 7;
    %jmp T_5.13;
T_5.8 ;
    %pushi/vec4 0, 0, 7;
    %store/vec4 v0x38eaced0_0, 0, 7;
    %jmp T_5.13;
T_5.9 ;
    %pushi/vec4 4, 0, 7;
    %store/vec4 v0x38eaced0_0, 0, 7;
    %jmp T_5.13;
T_5.10 ;
    %pushi/vec4 126, 0, 7;
    %store/vec4 v0x38eaced0_0, 0, 7;
    %jmp T_5.13;
T_5.11 ;
    %pushi/vec4 127, 0, 7;
    %store/vec4 v0x38eaced0_0, 0, 7;
    %jmp T_5.13;
T_5.13 ;
    %pop/vec4 1;
    %jmp T_5;
    .thread T_5, $push;
    .scope S_0x38eab980;
T_6 ;
    %wait E_0x38e5b180;
    %load/vec4 v0x38eae160_0;
    %dup/vec4;
    %pushi/vec4 0, 0, 2;
    %cmp/u;
    %jmp/1 T_6.0, 6;
    %dup/vec4;
    %pushi/vec4 3, 0, 2;
    %cmp/u;
    %jmp/1 T_6.1, 6;
    %dup/vec4;
    %pushi/vec4 2, 0, 2;
    %cmp/u;
    %jmp/1 T_6.2, 6;
    %dup/vec4;
    %pushi/vec4 1, 0, 2;
    %cmp/u;
    %jmp/1 T_6.3, 6;
    %jmp T_6.4;
T_6.0 ;
    %load/vec4 v0x38ead600_0;
    %store/vec4 v0x38eadd00_0, 0, 4;
    %jmp T_6.4;
T_6.1 ;
    %load/vec4 v0x38ead6f0_0;
    %store/vec4 v0x38eadd00_0, 0, 4;
    %jmp T_6.4;
T_6.2 ;
    %load/vec4 v0x38ead7c0_0;
    %store/vec4 v0x38eadd00_0, 0, 4;
    %jmp T_6.4;
T_6.3 ;
    %load/vec4 v0x38eae200_0;
    %flag_set/vec4 8;
    %jmp/0 T_6.5, 8;
    %pushi/vec4 10, 0, 4;
    %jmp/1 T_6.6, 8;
T_6.5 ; End of true expr.
    %pushi/vec4 11, 0, 4;
    %jmp/0 T_6.6, 8;
 ; End of false expr.
    %blend;
T_6.6;
    %store/vec4 v0x38eadd00_0, 0, 4;
    %jmp T_6.4;
T_6.4 ;
    %pop/vec4 1;
    %jmp T_6;
    .thread T_6, $push;
    .scope S_0x38e6ee40;
T_7 ;
    %pushi/vec4 0, 0, 1;
    %store/vec4 v0x38eaf010_0, 0, 1;
    %end;
    .thread T_7;
    .scope S_0x38e6ee40;
T_8 ;
    %delay 5000, 0;
    %load/vec4 v0x38eaf010_0;
    %inv;
    %store/vec4 v0x38eaf010_0, 0, 1;
    %jmp T_8;
    .thread T_8;
    .scope S_0x38e6ee40;
T_9 ;
    %vpi_call 2 29 "$dumpfile", "Lab3_tb.vcd" {0 0 0};
    %vpi_call 2 30 "$dumpvars", 32'sb00000000000000000000000000000000, S_0x38e6ee40 {0 0 0};
    %pushi/vec4 0, 0, 8;
    %store/vec4 v0x38eaec40_0, 0, 8;
    %pushi/vec4 255, 0, 8;
    %store/vec4 v0x38eaed20_0, 0, 8;
    %pushi/vec4 0, 0, 1;
    %store/vec4 v0x38eaee80_0, 0, 1;
    %delay 40000, 0;
    %pushi/vec4 1, 0, 8;
    %store/vec4 v0x38eaec40_0, 0, 8;
    %pushi/vec4 255, 0, 8;
    %store/vec4 v0x38eaed20_0, 0, 8;
    %pushi/vec4 0, 0, 1;
    %store/vec4 v0x38eaee80_0, 0, 1;
    %delay 40000, 0;
    %pushi/vec4 1, 0, 8;
    %store/vec4 v0x38eaec40_0, 0, 8;
    %pushi/vec4 1, 0, 8;
    %store/vec4 v0x38eaed20_0, 0, 8;
    %pushi/vec4 0, 0, 1;
    %store/vec4 v0x38eaee80_0, 0, 1;
    %delay 40000, 0;
    %pushi/vec4 1, 0, 8;
    %store/vec4 v0x38eaec40_0, 0, 8;
    %pushi/vec4 1, 0, 8;
    %store/vec4 v0x38eaed20_0, 0, 8;
    %pushi/vec4 1, 0, 1;
    %store/vec4 v0x38eaee80_0, 0, 1;
    %delay 40000, 0;
    %pushi/vec4 0, 0, 8;
    %store/vec4 v0x38eaec40_0, 0, 8;
    %pushi/vec4 0, 0, 8;
    %store/vec4 v0x38eaed20_0, 0, 8;
    %pushi/vec4 1, 0, 1;
    %store/vec4 v0x38eaee80_0, 0, 1;
    %delay 40000, 0;
    %pushi/vec4 2, 0, 8;
    %store/vec4 v0x38eaec40_0, 0, 8;
    %pushi/vec4 4, 0, 8;
    %store/vec4 v0x38eaed20_0, 0, 8;
    %pushi/vec4 1, 0, 1;
    %store/vec4 v0x38eaee80_0, 0, 1;
    %delay 40000, 0;
    %pushi/vec4 128, 0, 8;
    %store/vec4 v0x38eaec40_0, 0, 8;
    %pushi/vec4 128, 0, 8;
    %store/vec4 v0x38eaed20_0, 0, 8;
    %pushi/vec4 0, 0, 1;
    %store/vec4 v0x38eaee80_0, 0, 1;
    %delay 40000, 0;
    %pushi/vec4 255, 0, 8;
    %store/vec4 v0x38eaec40_0, 0, 8;
    %pushi/vec4 0, 0, 8;
    %store/vec4 v0x38eaed20_0, 0, 8;
    %pushi/vec4 0, 0, 1;
    %store/vec4 v0x38eaee80_0, 0, 1;
    %delay 40000, 0;
    %pushi/vec4 0, 0, 8;
    %store/vec4 v0x38eaec40_0, 0, 8;
    %pushi/vec4 255, 0, 8;
    %store/vec4 v0x38eaed20_0, 0, 8;
    %pushi/vec4 1, 0, 1;
    %store/vec4 v0x38eaee80_0, 0, 1;
    %delay 40000, 0;
    %pushi/vec4 1, 0, 8;
    %store/vec4 v0x38eaec40_0, 0, 8;
    %pushi/vec4 255, 0, 8;
    %store/vec4 v0x38eaed20_0, 0, 8;
    %pushi/vec4 1, 0, 1;
    %store/vec4 v0x38eaee80_0, 0, 1;
    %delay 40000, 0;
    %vpi_call 2 62 "$finish" {0 0 0};
    %end;
    .thread T_9;
# The file index is used to find the file name in the following table.
:file_names 11;
    "N/A";
    "<interactive>";
    "src/Lab3_tb.v";
    "./src/Lab3.v";
    "./src/Sumador9b.v";
    "./src/sumres8b.v";
    "./src/Display.v";
    "./src/BCD.v";
    "./src/DivFrec.v";
    "./src/BCDtoSSeg.v";
    "./src/SelAn.v";
# EOF
